
ROM used:   419/8192 (5%)
            419/8192 (5%) including unused fragments

            0.5 Average locations per line
            4.6 Average locations per statement

RAM used:   11/368 (3%) at main() level
            21/368 (6%) worst case

Stack used: 0 worst case (0 in main + 0 for interrupts)
Stack size: 8

Lines Stmts  %   Files
----- ----- ---  -----
  112    91 100  ayarli_saat.c
   10     0   0  ayarli_saat.h
  661     0   0  ..\..\..\..\..\..\Program Files (x86)\PICC\Devices\16F877A.h
----- -----
  783    91 Total

Page ROM  %  RAM   Vol Diff  Functions:
---- --- --- ---   --- ----  ----------
0     20   5    1             @delay_ms1
0    119  28    5  1055  8.2  main
0     10   2    0             @goto10599
0    150  36    2  1475  3.4  tusAlgila
0     95  23    7   743  6.6  goster
0     21   5    3             @DIV88
 Inline         0             @cinit1

Program metrics:
    Functions               3
    Statements              91
    Comments                127
    Volume (V)              4063
    Difficulty (D)          17.9
    Effort to implement (E) 72901
    Time to implement (T)   1 hours, 8 minutes
    Est Delivered Bugs (B)  1
    Cyclomatic Complexity   30
    Maintainability (MI)    45

 Segment     Used  Free
-----------  ----  ----
00000-00003     4  0  
00004-007FF   415  1629  
00800-00FFF     0  2048  
01000-017FF     0  2048  
01800-01FFF     0  2048  



