
ROM used:   189/8192 (2%)
            189/8192 (2%) including unused fragments

            0.3 Average locations per line
            7.0 Average locations per statement

RAM used:   10/368 (3%) at main() level
            20/368 (5%) worst case

Stack used: 0 worst case (0 in main + 0 for interrupts)
Stack size: 8

Lines Stmts  %   Files
----- ----- ---  -----
   44    27 100  mod10000.c
   10     0   0  mod10000.h
  661     0   0  ..\..\..\..\..\..\Program Files (x86)\PICC\Devices\16F877A.h
----- -----
  715    27 Total

Page ROM  %  RAM   Vol Diff  Functions:
---- --- --- ---   --- ----  ----------
0     20  11    1             @delay_ms1
0     49  26    4   300  4.2  main
0     95  50    7   743  6.6  goster
0     21  11    3             @DIV88
 Inline         0             @cinit1

Program metrics:
    Functions               2
    Statements              27
    Comments                113
    Volume (V)              1212
    Difficulty (D)          10.5
    Effort to implement (E) 12736
    Time to implement (T)   12 minutes
    Est Delivered Bugs (B)  0
    Cyclomatic Complexity   5
    Maintainability (MI)    55

 Segment     Used  Free
-----------  ----  ----
00000-00003     4  0  
00004-007FF   185  1859  
00800-00FFF     0  2048  
01000-017FF     0  2048  
01800-01FFF     0  2048  



