
ROM used:   731/8192 (9%)
            731/8192 (9%) including unused fragments

            0.6 Average locations per line
            6.1 Average locations per statement

RAM used:   12/368 (3%) at main() level
            29/368 (8%) worst case

Stack used: 0 worst case (0 in main + 0 for interrupts)
Stack size: 8

Lines Stmts  %   Files
----- ----- ---  -----
   58    35  29  pwm_motor.c
   10     0   0  pwm_motor.h
  661     0   0  ..\..\..\..\..\..\Program Files (x86)\PICC\Devices\16F877A.h
  456    84  71  ..\..\..\..\..\..\Program Files (x86)\PICC\Drivers\lcd.c
----- -----
 1185   119 Total

Page ROM  %  RAM   Vol Diff  Functions:
---- --- --- ---   --- ----  ----------
0     20   3    1             @delay_ms1
0      8   1    0             @const629
 Inline         3   596  5.9  lcd_read_byte
0      6   1    0    59  4.2  lcd_read_nibble
0     17   2    1   179  3.3  lcd_send_nibble
0     66   9    3   460  4.7  lcd_send_byte
0     51   7    2   667  5.9  lcd_init
0     18   2    4   208  6.3  lcd_gotoxy
0     44   6    1   354  4.7  lcd_putc
0    287  39    6  1092  6.3  MAIN
0      9   1    0             @const665
0     84  11    5             @PSTRINGCN7_647
0     99  14    9             @PRINTF_LU_647
0      9   1    0             @const670
0      9   1    0             @const671
 Inline         0             @cinit1

Program metrics:
    Functions               8
    Statements              119
    Comments                220
    Volume (V)              5382
    Difficulty (D)          38.9
    Effort to implement (E) 209451
    Time to implement (T)   3 hours, 14 minutes
    Est Delivered Bugs (B)  1
    Cyclomatic Complexity   11
    Maintainability (MI)    141

 Segment     Used  Free
-----------  ----  ----
00000-00003     4  0  
00004-007FF   727  1317  
00800-00FFF     0  2048  
01000-017FF     0  2048  
01800-01FFF     0  2048  



