MPASM  4.02 Released                                 1453.ASM   7-18-2020  22:32:17         PAGE  1


LOC  OBJECT CODE     LINE SOURCE TEXT
  VALUE

Warning[205]: Found directive in column 1. (LIST)
                      00001 LIST p=16F877A
Warning[205]: Found directive in column 1. (INCLUDE)
                      00002 INCLUDE <P16F877A.INC>
                      00001         LIST
                      00002 ; P16F877A.INC  Standard Header File, Version 1.00    Microchip Technology, Inc.
                      00398         LIST
                      00003 
Warning[205]: Found directive in column 1. (__CONFIG)
2007   3F7A           00004 __CONFIG _CP_OFF &_WDT_OFF &_HS_OSC &_PWRTE_OFF &_LVP_OFF
                      00005 
  00000020            00006 SAYAC0 EQU 0X20 ; REGISTERLARIMIZI BURADA ADRES ATAMASI YAPIYORUZ.
  00000021            00007 SAYAC1 EQU 0X21
  00000022            00008 SAYAC2 EQU 0X22
  00000023            00009 BIRLER EQU 0X23
  00000024            00010 ONLAR  EQU 0X24
  00000025            00011 YUZLER EQU 0X25
  00000026            00012 BINLER EQU 0X26
                      00013 
0000                  00014         ORG 0 ; PROGRAM 0. ADRESTEN BAÞLAYACAK
0000   2805           00015         GOTO START
                      00016 
0004                  00017         ORG 4 ; INTERRUPT ÝÇÝN LAZIM OLURSA KULLANACAÐIZ
0004   2805           00018         GOTO START
                      00019 
                      00020 BANK0 MACRO
                      00021           BCF STATUS,5 ;RP0 = 0
                      00022           ENDM
                      00023 BANK1 MACRO
                      00024           BSF STATUS,5 ;RP0 = 1
                      00025           ENDM
                      00026 
                      00027 START BANK1
0005   1683               M           BSF STATUS,5 ;RP0 = 1
Message[302]: Register in operand not in bank 0.  Ensure that bank bits are correct.
0006   0188           00028           CLRF TRISD ; D PORTU OUTPUT OLDU
Message[302]: Register in operand not in bank 0.  Ensure that bank bits are correct.
0007   0186           00029           CLRF TRISB ; B PORTU OUTPUT OLDU
                      00030           BANK0
0008   1283               M           BCF STATUS,5 ;RP0 = 0
0009   0186           00031           CLRF PORTB ; B PORTU 0 OLDU
000A   0188           00032           CLRF PORTD ; D PORTU 0 OLDU
000B   3001           00033           MOVLW .1     
000C   00A6           00034           MOVWF BINLER
000D   3004           00035           MOVLW .4
000E   00A5           00036           MOVWF YUZLER   ; Binler, yuzler, onlar ve birler registerlerine 1,4,5 ve 3 deðerlerini yukledi
                            k.
000F   3005           00037           MOVLW .5
0010   00A4           00038           MOVWF ONLAR
0011   3003           00039           MOVLW .3
0012   00A3           00040           MOVWF BIRLER
                      00041 
0013   2015           00042 LOOP  CALL GOSTER    ; alt metoda dallan.
MPASM  4.02 Released                                 1453.ASM   7-18-2020  22:32:17         PAGE  2


LOC  OBJECT CODE     LINE SOURCE TEXT
  VALUE

0014   2813           00043           GOTO LOOP      ; goster return olunca tekrar loop dan devam.
                      00044 
0015   0826           00045 GOSTER MOVF  BINLER,W    ; binler reg'i, working register a getir.
0016   0088           00046            MOVWF PORTD       ; portD binler degeri var.
0017   3001           00047            MOVLW B'00000001' ; working register a 00000001 yüklendi. Cunku b portlarý display seçme ve b
                            u portun b0 ini aktif etmek istiyorum.
0018   0086           00048            MOVWF PORTB           ; portB0 aktif oldu ve binler register degeri output oldu.
0019   202B           00049            CALL  BEKLE       ; alt metoda giderek gecikme yaptýrýyoruz.
                      00050            
001A   0825           00051            MOVF  YUZLER,W    ; yuzler reg'i, working register a getir.
001B   0088           00052            MOVWF PORTD       ; portD yuzler degeri var. 
001C   3002           00053            MOVLW B'00000010' ; portB data hattýmýz ve yuzler display için portB1 = 1 olmasýný istiyorum.
001D   0086           00054            MOVWF PORTB       ; portB1 = 1 aktif oldu ve display de 4 degerimiz var.
001E   202B           00055            CALL  BEKLE       ; alt metotda gecikme yapiyoruz.
                      00056            
001F   0824           00057            MOVF  ONLAR,W
0020   0088           00058            MOVWF PORTD
0021   3004           00059            MOVLW B'0000100'  ; portB2 nin aktif olmasý için working register a belirtilen degeri veriyor
                            uz.
0022   0086           00060            MOVWF PORTB       ; portB2 = 1 aktif oldu.
0023   202B           00061            CALL BEKLE
                      00062 
0024   0823           00063        MOVF  BIRLER,W
0025   0088           00064            MOVWF PORTD
0026   3008           00065            MOVLW B'00001000' ;portB3 aktif olmasýný istiyorum.
0027   0086           00066            MOVWF PORTB       ;portB3 = 1 aktif oldu.
0028   202B           00067            CALL  BEKLE
0029   0186           00068            CLRF  PORTB ; portB yani data hattýmýzda ki displayler kapalý yapýldý. Tekrar çagrilincaya ka
                            dar 0 olacak.
                      00069 
002A   0008           00070    RETURN ; alt metot olduðu için return olmasý gerekiyor.
                      00071 
                      00072 
002B   3064           00073 BEKLE  MOVLW .100
002C   00A0           00074            MOVWF SAYAC0
002D   00E4           00075 BEKLE0 MOVWF .100
002E   00A1           00076            MOVWF SAYAC1
002F   3064           00077 BEKLE1 MOVLW .100
0030   00A2           00078            MOVWF SAYAC2
0031                  00079 BEKLE2
0031   0BA2           00080            DECFSZ SAYAC2,F
0032   2831           00081            GOTO BEKLE2
0033   0BA1           00082            DECFSZ SAYAC1,F
0034   282F           00083            GOTO BEKLE1
0035   0BA0           00084            DECFSZ SAYAC0,F
0036   282D           00085            GOTO BEKLE0
0037   0008           00086         RETURN
                      00087         END
MPASM  4.02 Released                                 1453.ASM   7-18-2020  22:32:17         PAGE  3


SYMBOL TABLE
  LABEL                             VALUE 

ACKDT                             00000005
ACKEN                             00000004
ACKSTAT                           00000006
ADCON0                            0000001F
ADCON1                            0000009F
ADCS0                             00000006
ADCS1                             00000007
ADDEN                             00000003
ADFM                              00000007
ADIE                              00000006
ADIF                              00000006
ADON                              00000000
ADRESH                            0000001E
ADRESL                            0000009E
BANK0                             
BANK1                             
BCLIE                             00000003
BCLIF                             00000003
BEKLE                             0000002B
BEKLE0                            0000002D
BEKLE1                            0000002F
BEKLE2                            00000031
BF                                00000000
BINLER                            00000026
BIRLER                            00000023
BRGH                              00000002
C                                 00000000
C1INV                             00000004
C1OUT                             00000006
C2INV                             00000005
C2OUT                             00000007
CCP1CON                           00000017
CCP1IE                            00000002
CCP1IF                            00000002
CCP1M0                            00000000
CCP1M1                            00000001
CCP1M2                            00000002
CCP1M3                            00000003
CCP1X                             00000005
CCP1Y                             00000004
CCP2CON                           0000001D
CCP2IE                            00000000
CCP2IF                            00000000
CCP2M0                            00000000
CCP2M1                            00000001
CCP2M2                            00000002
CCP2M3                            00000003
CCP2X                             00000005
CCP2Y                             00000004
CCPR1H                            00000016
CCPR1L                            00000015
CCPR2H                            0000001C
CCPR2L                            0000001B
MPASM  4.02 Released                                 1453.ASM   7-18-2020  22:32:17         PAGE  4


SYMBOL TABLE
  LABEL                             VALUE 

CHS0                              00000003
CHS1                              00000004
CHS2                              00000005
CIS                               00000003
CKE                               00000006
CKP                               00000004
CM0                               00000000
CM1                               00000001
CM2                               00000002
CMCON                             0000009C
CMIE                              00000006
CMIF                              00000006
CREN                              00000004
CSRC                              00000007
CVR0                              00000000
CVR1                              00000001
CVR2                              00000002
CVR3                              00000003
CVRCON                            0000009D
CVREN                             00000007
CVROE                             00000006
CVRR                              00000005
D                                 00000005
DATA_ADDRESS                      00000005
DC                                00000001
D_A                               00000005
EEADR                             0000010D
EEADRH                            0000010F
EECON1                            0000018C
EECON2                            0000018D
EEDATA                            0000010C
EEDATH                            0000010E
EEIE                              00000004
EEIF                              00000004
EEPGD                             00000007
F                                 00000001
FERR                              00000002
FSR                               00000004
GCEN                              00000007
GIE                               00000007
GO                                00000002
GOSTER                            00000015
GO_DONE                           00000002
I2C_DATA                          00000005
I2C_READ                          00000002
I2C_START                         00000003
I2C_STOP                          00000004
IBF                               00000007
IBOV                              00000005
INDF                              00000000
INTCON                            0000000B
INTE                              00000004
INTEDG                            00000006
MPASM  4.02 Released                                 1453.ASM   7-18-2020  22:32:17         PAGE  5


SYMBOL TABLE
  LABEL                             VALUE 

INTF                              00000001
IRP                               00000007
LOOP                              00000013
NOT_A                             00000005
NOT_ADDRESS                       00000005
NOT_BO                            00000000
NOT_BOR                           00000000
NOT_DONE                          00000002
NOT_PD                            00000003
NOT_POR                           00000001
NOT_RBPU                          00000007
NOT_RC8                           00000006
NOT_T1SYNC                        00000002
NOT_TO                            00000004
NOT_TX8                           00000006
NOT_W                             00000002
NOT_WRITE                         00000002
OBF                               00000006
OERR                              00000001
ONLAR                             00000024
OPTION_REG                        00000081
P                                 00000004
PCFG0                             00000000
PCFG1                             00000001
PCFG2                             00000002
PCFG3                             00000003
PCL                               00000002
PCLATH                            0000000A
PCON                              0000008E
PEIE                              00000006
PEN                               00000002
PIE1                              0000008C
PIE2                              0000008D
PIR1                              0000000C
PIR2                              0000000D
PORTA                             00000005
PORTB                             00000006
PORTC                             00000007
PORTD                             00000008
PORTE                             00000009
PR2                               00000092
PS0                               00000000
PS1                               00000001
PS2                               00000002
PSA                               00000003
PSPIE                             00000007
PSPIF                             00000007
PSPMODE                           00000004
R                                 00000002
RBIE                              00000003
RBIF                              00000000
RC8_9                             00000006
RC9                               00000006
MPASM  4.02 Released                                 1453.ASM   7-18-2020  22:32:17         PAGE  6


SYMBOL TABLE
  LABEL                             VALUE 

RCD8                              00000000
RCEN                              00000003
RCIE                              00000005
RCIF                              00000005
RCREG                             0000001A
RCSTA                             00000018
RD                                00000000
READ_WRITE                        00000002
RP0                               00000005
RP1                               00000006
RSEN                              00000001
RX9                               00000006
RX9D                              00000000
R_W                               00000002
S                                 00000003
SAYAC0                            00000020
SAYAC1                            00000021
SAYAC2                            00000022
SEN                               00000000
SMP                               00000007
SPBRG                             00000099
SPEN                              00000007
SREN                              00000005
SSPADD                            00000093
SSPBUF                            00000013
SSPCON                            00000014
SSPCON2                           00000091
SSPEN                             00000005
SSPIE                             00000003
SSPIF                             00000003
SSPM0                             00000000
SSPM1                             00000001
SSPM2                             00000002
SSPM3                             00000003
SSPOV                             00000006
SSPSTAT                           00000094
START                             00000005
STATUS                            00000003
SYNC                              00000004
T0CS                              00000005
T0IE                              00000005
T0IF                              00000002
T0SE                              00000004
T1CKPS0                           00000004
T1CKPS1                           00000005
T1CON                             00000010
T1INSYNC                          00000002
T1OSCEN                           00000003
T1SYNC                            00000002
T2CKPS0                           00000000
T2CKPS1                           00000001
T2CON                             00000012
TMR0                              00000001
MPASM  4.02 Released                                 1453.ASM   7-18-2020  22:32:17         PAGE  7


SYMBOL TABLE
  LABEL                             VALUE 

TMR0IE                            00000005
TMR0IF                            00000002
TMR1CS                            00000001
TMR1H                             0000000F
TMR1IE                            00000000
TMR1IF                            00000000
TMR1L                             0000000E
TMR1ON                            00000000
TMR2                              00000011
TMR2IE                            00000001
TMR2IF                            00000001
TMR2ON                            00000002
TOUTPS0                           00000003
TOUTPS1                           00000004
TOUTPS2                           00000005
TOUTPS3                           00000006
TRISA                             00000085
TRISB                             00000086
TRISC                             00000087
TRISD                             00000088
TRISE                             00000089
TRISE0                            00000000
TRISE1                            00000001
TRISE2                            00000002
TRMT                              00000001
TX8_9                             00000006
TX9                               00000006
TX9D                              00000000
TXD8                              00000000
TXEN                              00000005
TXIE                              00000004
TXIF                              00000004
TXREG                             00000019
TXSTA                             00000098
UA                                00000001
W                                 00000000
WCOL                              00000007
WR                                00000001
WREN                              00000002
WRERR                             00000003
YUZLER                            00000025
Z                                 00000002
_BODEN_OFF                        00003FBF
_BODEN_ON                         00003FFF
_CPD_OFF                          00003FFF
_CPD_ON                           00003EFF
_CP_ALL                           00001FFF
_CP_OFF                           00003FFF
_DEBUG_OFF                        00003FFF
_DEBUG_ON                         000037FF
_HS_OSC                           00003FFE
_LP_OSC                           00003FFC
_LVP_OFF                          00003F7F
MPASM  4.02 Released                                 1453.ASM   7-18-2020  22:32:17         PAGE  8


SYMBOL TABLE
  LABEL                             VALUE 

_LVP_ON                           00003FFF
_PWRTE_OFF                        00003FFF
_PWRTE_ON                         00003FF7
_RC_OSC                           00003FFF
_WDT_OFF                          00003FFB
_WDT_ON                           00003FFF
_WRT_1FOURTH                      00003BFF
_WRT_256                          00003DFF
_WRT_HALF                         000039FF
_WRT_OFF                          00003FFF
_XT_OSC                           00003FFD
__16F877A                         00000001


MEMORY USAGE MAP ('X' = Used,  '-' = Unused)

0000 : X---XXXXXXXXXXXX XXXXXXXXXXXXXXXX XXXXXXXXXXXXXXXX XXXXXXXX--------
2000 : -------X-------- ---------------- ---------------- ----------------

All other memory blocks unused.

Program Memory Words Used:    53
Program Memory Words Free:  8139


Errors   :     0
Warnings :     3 reported,     0 suppressed
Messages :     2 reported,     0 suppressed

