
ROM used:   679/8192 (8%)
            679/8192 (8%) including unused fragments

            0.6 Average locations per line
            6.1 Average locations per statement

RAM used:   15/368 (4%) at main() level
            32/368 (9%) worst case

Stack used: 0 worst case (0 in main + 0 for interrupts)
Stack size: 8

Lines Stmts  %   Files
----- ----- ---  -----
   37    28  25  adc_modul.c
   10     0   0  adc_modul.h
  661     0   0  ..\..\..\..\..\..\Program Files (x86)\PICC\Devices\16F877A.h
  456    84  75  ..\..\..\..\..\..\Program Files (x86)\PICC\Drivers\lcd.c
----- -----
 1164   112 Total

Page ROM  %  RAM   Vol Diff  Functions:
---- --- --- ---   --- ----  ----------
0     20   3    1             @delay_ms1
0      8   1    0             @const629
 Inline         3   596  5.9  lcd_read_byte
0      6   1    0    59  4.2  lcd_read_nibble
0     17   3    1   179  3.3  lcd_send_nibble
0     66  10    3   460  4.7  lcd_send_byte
0     51   8    2   667  5.9  lcd_init
0     18   3    4   208  6.3  lcd_gotoxy
0     44   6    1   354  4.7  lcd_putc
0    243  36   10  1034  6.2  MAIN
0     17   3    0             @const666
0     86  13    5             @PSTRINGCN7_647
0     99  15    9             @PRINTF_LU_647
 Inline         0             @cinit1

Program metrics:
    Functions               8
    Statements              112
    Comments                217
    Volume (V)              5305
    Difficulty (D)          39.2
    Effort to implement (E) 208040
    Time to implement (T)   3 hours, 13 minutes
    Est Delivered Bugs (B)  1
    Cyclomatic Complexity   14
    Maintainability (MI)    143

 Segment     Used  Free
-----------  ----  ----
00000-00003     4  0  
00004-007FF   675  1369  
00800-00FFF     0  2048  
01000-017FF     0  2048  
01800-01FFF     0  2048  



